[debug] [2021-07-02T08:04:33.659Z] ----------------------------------------------------------------------
[debug] [2021-07-02T08:04:33.662Z] Command:       /usr/local/bin/firebase /Users/vt7/.cache/firebase/tools/lib/node_modules/firebase-tools/lib/bin/firebase init
[debug] [2021-07-02T08:04:33.662Z] CLI Version:   9.14.0
[debug] [2021-07-02T08:04:33.662Z] Platform:      darwin
[debug] [2021-07-02T08:04:33.663Z] Node Version:  v12.18.1
[debug] [2021-07-02T08:04:33.664Z] Time:          Fri Jul 02 2021 11:04:33 GMT+0300 (GMT+03:00)
[debug] [2021-07-02T08:04:33.664Z] ----------------------------------------------------------------------
[debug] 
[debug] [2021-07-02T08:04:33.667Z] >>> [apiv2][query] GET https://firebase-public.firebaseio.com/cli.json [none]
[debug] [2021-07-02T08:04:33.680Z] > command requires scopes: ["email","openid","https://www.googleapis.com/auth/cloudplatformprojects.readonly","https://www.googleapis.com/auth/firebase","https://www.googleapis.com/auth/cloud-platform"]
[debug] [2021-07-02T08:04:33.681Z] > authorizing via signed-in user (vitalik.nakonechnyy@gmail.com)
[info] 
     ######## #### ########  ######## ########     ###     ######  ########
     ##        ##  ##     ## ##       ##     ##  ##   ##  ##       ##
     ######    ##  ########  ######   ########  #########  ######  ######
     ##        ##  ##    ##  ##       ##     ## ##     ##       ## ##
     ##       #### ##     ## ######## ########  ##     ##  ######  ########

You're about to initialize a Firebase project in this directory:

  /Users/vt7

Before we get started, keep in mind:

  * You are initializing within an existing Firebase project directory

[debug] [2021-07-02T08:04:34.388Z] <<< [apiv2][status] GET https://firebase-public.firebaseio.com/cli.json 200
[debug] [2021-07-02T08:04:34.388Z] <<< [apiv2][body] GET https://firebase-public.firebaseio.com/cli.json {"cloudBuildErrorAfter":1594252800000,"cloudBuildWarnAfter":1590019200000,"defaultNode10After":1594252800000,"minVersion":"3.0.5","node8DeploysDisabledAfter":1613390400000,"node8RuntimeDisabledAfter":1615809600000,"node8WarnAfter":1600128000000}
[info] 
=== Project Setup
[info] 
[info] First, let's associate this project directory with a Firebase project.
[info] You can create multiple project aliases by running firebase use --add, 
[info] but for now we'll just set up a default project.
[info] 
[info] i  .firebaserc already has a default project, using vt7-component. 
[debug] [2021-07-02T08:06:25.137Z] > refreshing access token with scopes: []
[debug] [2021-07-02T08:06:25.138Z] >>> HTTP REQUEST POST https://www.googleapis.com/oauth2/v3/token  
 <request body omitted>
[debug] [2021-07-02T08:06:25.426Z] <<< HTTP RESPONSE 200 {"expires":"Mon, 01 Jan 1990 00:00:00 GMT","pragma":"no-cache","cache-control":"no-cache, no-store, max-age=0, must-revalidate","date":"Fri, 02 Jul 2021 08:06:25 GMT","content-type":"application/json; charset=utf-8","vary":"X-Origin, Referer, Origin,Accept-Encoding","server":"scaffolding on HTTPServer2","x-xss-protection":"0","x-frame-options":"SAMEORIGIN","x-content-type-options":"nosniff","alt-svc":"h3=\":443\"; ma=2592000,h3-29=\":443\"; ma=2592000,h3-T051=\":443\"; ma=2592000,h3-Q050=\":443\"; ma=2592000,h3-Q046=\":443\"; ma=2592000,h3-Q043=\":443\"; ma=2592000,quic=\":443\"; ma=2592000; v=\"46,43\"","accept-ranges":"none","transfer-encoding":"chunked"}
[debug] [2021-07-02T08:06:25.475Z] >>> [apiv2][query] GET https://firebase.googleapis.com/v1beta1/projects/vt7-component [none]
[debug] [2021-07-02T08:06:27.834Z] <<< [apiv2][status] GET https://firebase.googleapis.com/v1beta1/projects/vt7-component 200
[debug] [2021-07-02T08:06:27.835Z] <<< [apiv2][body] GET https://firebase.googleapis.com/v1beta1/projects/vt7-component {"projectId":"vt7-component","projectNumber":"99162153188","displayName":"vt7-component","name":"projects/vt7-component","resources":{"hostingSite":"vt7-component","realtimeDatabaseInstance":"vt7-component-default-rtdb"},"state":"ACTIVE"}
[info] 
=== Database Setup
[info] i  database: ensuring required API firebasedatabase.googleapis.com is enabled... 
[debug] [2021-07-02T08:06:27.836Z] > refreshing access token with scopes: ["email","https://www.googleapis.com/auth/cloud-platform","https://www.googleapis.com/auth/cloudplatformprojects.readonly","https://www.googleapis.com/auth/firebase","openid"]
[debug] [2021-07-02T08:06:27.836Z] >>> HTTP REQUEST POST https://www.googleapis.com/oauth2/v3/token  
 <request body omitted>
[debug] [2021-07-02T08:06:28.089Z] <<< HTTP RESPONSE 200 {"cache-control":"no-cache, no-store, max-age=0, must-revalidate","pragma":"no-cache","date":"Fri, 02 Jul 2021 08:06:28 GMT","expires":"Mon, 01 Jan 1990 00:00:00 GMT","content-type":"application/json; charset=utf-8","vary":"X-Origin, Referer, Origin,Accept-Encoding","server":"scaffolding on HTTPServer2","x-xss-protection":"0","x-frame-options":"SAMEORIGIN","x-content-type-options":"nosniff","alt-svc":"h3=\":443\"; ma=2592000,h3-29=\":443\"; ma=2592000,h3-T051=\":443\"; ma=2592000,h3-Q050=\":443\"; ma=2592000,h3-Q046=\":443\"; ma=2592000,h3-Q043=\":443\"; ma=2592000,quic=\":443\"; ma=2592000; v=\"46,43\"","accept-ranges":"none","transfer-encoding":"chunked"}
[debug] [2021-07-02T08:06:28.137Z] >>> HTTP REQUEST GET https://serviceusage.googleapis.com/v1/projects/vt7-component/services/firebasedatabase.googleapis.com  
 
[debug] [2021-07-02T08:06:29.427Z] <<< HTTP RESPONSE 200 {"content-type":"application/json; charset=UTF-8","vary":"X-Origin, Referer, Origin,Accept-Encoding","date":"Fri, 02 Jul 2021 08:06:29 GMT","server":"ESF","cache-control":"private","x-xss-protection":"0","x-frame-options":"SAMEORIGIN","x-content-type-options":"nosniff","alt-svc":"h3=\":443\"; ma=2592000,h3-29=\":443\"; ma=2592000,h3-T051=\":443\"; ma=2592000,h3-Q050=\":443\"; ma=2592000,h3-Q046=\":443\"; ma=2592000,h3-Q043=\":443\"; ma=2592000,quic=\":443\"; ma=2592000; v=\"46,43\"","accept-ranges":"none","transfer-encoding":"chunked"}
[info] ✔  database: required API firebasedatabase.googleapis.com is enabled 
[info] 
[debug] [2021-07-02T08:06:29.428Z] > refreshing access token with scopes: []
[debug] [2021-07-02T08:06:29.428Z] >>> HTTP REQUEST POST https://www.googleapis.com/oauth2/v3/token  
 <request body omitted>
[debug] [2021-07-02T08:06:29.671Z] <<< HTTP RESPONSE 200 {"expires":"Mon, 01 Jan 1990 00:00:00 GMT","cache-control":"no-cache, no-store, max-age=0, must-revalidate","date":"Fri, 02 Jul 2021 08:06:29 GMT","pragma":"no-cache","content-type":"application/json; charset=utf-8","vary":"X-Origin, Referer, Origin,Accept-Encoding","server":"scaffolding on HTTPServer2","x-xss-protection":"0","x-frame-options":"SAMEORIGIN","x-content-type-options":"nosniff","alt-svc":"h3=\":443\"; ma=2592000,h3-29=\":443\"; ma=2592000,h3-T051=\":443\"; ma=2592000,h3-Q050=\":443\"; ma=2592000,h3-Q046=\":443\"; ma=2592000,h3-Q043=\":443\"; ma=2592000,quic=\":443\"; ma=2592000; v=\"46,43\"","accept-ranges":"none","transfer-encoding":"chunked"}
[debug] [2021-07-02T08:06:29.708Z] >>> [apiv2][query] GET https://firebase.googleapis.com/v1beta1/projects/vt7-component [none]
[debug] [2021-07-02T08:06:30.090Z] <<< [apiv2][status] GET https://firebase.googleapis.com/v1beta1/projects/vt7-component 200
[debug] [2021-07-02T08:06:30.090Z] <<< [apiv2][body] GET https://firebase.googleapis.com/v1beta1/projects/vt7-component {"projectId":"vt7-component","projectNumber":"99162153188","displayName":"vt7-component","name":"projects/vt7-component","resources":{"hostingSite":"vt7-component","realtimeDatabaseInstance":"vt7-component-default-rtdb"},"state":"ACTIVE"}
[debug] [2021-07-02T08:06:30.091Z] > refreshing access token with scopes: ["email","https://www.googleapis.com/auth/cloud-platform","https://www.googleapis.com/auth/cloudplatformprojects.readonly","https://www.googleapis.com/auth/firebase","openid"]
[debug] [2021-07-02T08:06:30.091Z] >>> HTTP REQUEST POST https://www.googleapis.com/oauth2/v3/token  
 <request body omitted>
[debug] [2021-07-02T08:06:30.327Z] <<< HTTP RESPONSE 200 {"expires":"Mon, 01 Jan 1990 00:00:00 GMT","date":"Fri, 02 Jul 2021 08:06:30 GMT","cache-control":"no-cache, no-store, max-age=0, must-revalidate","pragma":"no-cache","content-type":"application/json; charset=utf-8","vary":"X-Origin, Referer, Origin,Accept-Encoding","server":"scaffolding on HTTPServer2","x-xss-protection":"0","x-frame-options":"SAMEORIGIN","x-content-type-options":"nosniff","alt-svc":"h3=\":443\"; ma=2592000,h3-29=\":443\"; ma=2592000,h3-T051=\":443\"; ma=2592000,h3-Q050=\":443\"; ma=2592000,h3-Q046=\":443\"; ma=2592000,h3-Q043=\":443\"; ma=2592000,quic=\":443\"; ma=2592000; v=\"46,43\"","accept-ranges":"none","transfer-encoding":"chunked"}
[debug] [2021-07-02T08:06:30.374Z] >>> HTTP REQUEST GET https://firebasedatabase.googleapis.com/v1beta/projects/vt7-component/locations/-/instances/vt7-component-default-rtdb  
 
[debug] [2021-07-02T08:06:31.943Z] <<< HTTP RESPONSE 200 {"content-type":"application/json; charset=UTF-8","vary":"X-Origin, Referer, Origin,Accept-Encoding","date":"Fri, 02 Jul 2021 08:06:30 GMT","server":"ESF","cache-control":"private","x-xss-protection":"0","x-frame-options":"SAMEORIGIN","x-content-type-options":"nosniff","alt-svc":"h3=\":443\"; ma=2592000,h3-29=\":443\"; ma=2592000,h3-T051=\":443\"; ma=2592000,h3-Q050=\":443\"; ma=2592000,h3-Q046=\":443\"; ma=2592000,h3-Q043=\":443\"; ma=2592000,quic=\":443\"; ma=2592000; v=\"46,43\"","accept-ranges":"none","transfer-encoding":"chunked"}
[info] 
[info] Firebase Realtime Database Security Rules allow you to define how your data should be
[info] structured and when your data can be read from and written to.
[info] 
[debug] [2021-07-02T08:08:47.186Z] >>> HTTP REQUEST GET https://vt7-component-default-rtdb.europe-west1.firebasedatabase.app/.settings/rules.json  
 
[debug] [2021-07-02T08:08:47.911Z] <<< HTTP RESPONSE 200 {"server":"nginx","date":"Fri, 02 Jul 2021 08:08:47 GMT","content-type":"application/json; charset=utf-8","content-length":"161","connection":"keep-alive","access-control-allow-origin":"*","cache-control":"no-cache","strict-transport-security":"max-age=31556926; includeSubDomains; preload"}
[info] ✔  Database Rules for vt7-component-default-rtdb have been written to database.rules.json. 
[info] Future modifications to database.rules.json will update Realtime Database Security Rules when you run
[info] firebase deploy.
[info] 
=== Hosting Setup
[info] 
[info] Your public directory is the folder (relative to your project directory) that
[info] will contain Hosting assets to be uploaded with firebase deploy. If you
[info] have a build process for your assets, use your build's output directory.
[info] 
[debug] [2021-07-02T08:11:46.311Z] >>> [apiv2][query] GET https://www.gstatic.com/firebasejs/releases.json [none]
[debug] [2021-07-02T08:11:46.593Z] <<< [apiv2][status] GET https://www.gstatic.com/firebasejs/releases.json 200
[debug] [2021-07-02T08:11:46.593Z] <<< [apiv2][body] GET https://www.gstatic.com/firebasejs/releases.json {"current":{"version":"8.7.0","browserURL":"https://www.gstatic.com/firebasejs/8.7.0/firebase.js","packageURL":"https://www.gstatic.com/firebasejs/8.7.0/firebase.tgz"},"live":{"version":"8.7","browserURL":"https://www.gstatic.com/firebasejs/live/8.7/firebase.js","packageURL":"https://www.gstatic.com/firebasejs/live/8.7/firebase.tgz"},"components":{"analytics":"https://www.gstatic.com/firebasejs/8.7.0/firebase-analytics.js","app":"https://www.gstatic.com/firebasejs/8.7.0/firebase-app.js","app-check":"https://www.gstatic.com/firebasejs/8.7.0/firebase-app-check.js","auth":"https://www.gstatic.com/firebasejs/8.7.0/firebase-auth.js","database":"https://www.gstatic.com/firebasejs/8.7.0/firebase-database.js","firestore":"https://www.gstatic.com/firebasejs/8.7.0/firebase-firestore.js","functions":"https://www.gstatic.com/firebasejs/8.7.0/firebase-functions.js","installations":"https://www.gstatic.com/firebasejs/8.7.0/firebase-installations.js","messaging":"https://www.gstatic.com/firebasejs/8.7.0/firebase-messaging.js","storage":"https://www.gstatic.com/firebasejs/8.7.0/firebase-storage.js","performance":"https://www.gstatic.com/firebasejs/8.7.0/firebase-performance.js","remote-config":"https://www.gstatic.com/firebasejs/8.7.0/firebase-remote-config.js","firestore.memory":"https://www.gstatic.com/firebasejs/8.7.0/firebase-firestore.memory.js"}}
[info] ✔  Wrote public/index.html 
[info] 
[info] i  Detected a .git folder at /Users/vt7/raketa 
[info] i  Authorizing with GitHub to upload your service account to a GitHub repository's secrets store. 
[info] 
[info] Visit this URL on this device to log in:
[info] https://github.com/login/oauth/authorize?client_id=89cf50f02ac6aaed3484&state=112656089&redirect_uri=http%3A%2F%2Flocalhost%3A9005&scope=read%3Auser%20repo%20public_repo
[info] 
[info] Waiting for authentication...
[debug] [2021-07-02T08:11:54.366Z] >>> HTTP REQUEST POST https://github.com/login/oauth/access_token  
 {"client_id":"89cf50f02ac6aaed3484","client_secret":"3330d14abc895d9a74d5f17cd7a00711fa2c5bf0","code":"a8651eefe16a7f703b6a","redirect_uri":"http://localhost:9005","state":"112656089"}
[debug] [2021-07-02T08:11:54.798Z] <<< HTTP RESPONSE 200 {"server":"GitHub.com","date":"Fri, 02 Jul 2021 08:11:54 GMT","content-type":"application/json; charset=utf-8","transfer-encoding":"chunked","vary":"X-PJAX, Accept-Encoding, Accept, X-Requested-With","permissions-policy":"interest-cohort=()","etag":"W/\"ce4f32f936e79aa98f0c0084158e6fb1\"","cache-control":"max-age=0, private, must-revalidate","strict-transport-security":"max-age=31536000; includeSubdomains; preload","x-frame-options":"deny","x-content-type-options":"nosniff","x-xss-protection":"0","referrer-policy":"origin-when-cross-origin, strict-origin-when-cross-origin","expect-ct":"max-age=2592000, report-uri=\"https://api.github.com/_private/browser/errors\"","content-security-policy":"default-src 'none'; base-uri 'self'; block-all-mixed-content; connect-src 'self' uploads.github.com www.githubstatus.com collector.githubapp.com api.github.com github-cloud.s3.amazonaws.com github-production-repository-file-5c1aeb.s3.amazonaws.com github-production-upload-manifest-file-7fdce7.s3.amazonaws.com github-production-user-asset-6210df.s3.amazonaws.com cdn.optimizely.com logx.optimizely.com/v1/events translator.github.com wss://alive.github.com; font-src github.githubassets.com; form-action 'self' github.com gist.github.com; frame-ancestors 'none'; frame-src render.githubusercontent.com render-temp.githubusercontent.com viewscreen.githubusercontent.com; img-src 'self' data: github.githubassets.com identicons.github.com collector.githubapp.com github-cloud.s3.amazonaws.com secured-user-images.githubusercontent.com/ *.githubusercontent.com; manifest-src 'self'; media-src 'none'; script-src github.githubassets.com; style-src 'unsafe-inline' github.githubassets.com; worker-src github.com/socket-worker-3f088aa2.js gist.github.com/socket-worker-3f088aa2.js","x-github-request-id":"940D:7436:2C15263:2DA22EC:60DECA4A"}
[debug] [2021-07-02T08:11:54.809Z] >>> [apiv2][query] GET https://api.github.com/user [none]
[debug] [2021-07-02T08:11:55.323Z] <<< [apiv2][status] GET https://api.github.com/user 200
[debug] [2021-07-02T08:11:55.323Z] <<< [apiv2][body] GET https://api.github.com/user {"login":"vitaliynakonechnyy7","id":48065197,"node_id":"MDQ6VXNlcjQ4MDY1MTk3","avatar_url":"https://avatars.githubusercontent.com/u/48065197?v=4","gravatar_id":"","url":"https://api.github.com/users/vitaliynakonechnyy7","html_url":"https://github.com/vitaliynakonechnyy7","followers_url":"https://api.github.com/users/vitaliynakonechnyy7/followers","following_url":"https://api.github.com/users/vitaliynakonechnyy7/following{/other_user}","gists_url":"https://api.github.com/users/vitaliynakonechnyy7/gists{/gist_id}","starred_url":"https://api.github.com/users/vitaliynakonechnyy7/starred{/owner}{/repo}","subscriptions_url":"https://api.github.com/users/vitaliynakonechnyy7/subscriptions","organizations_url":"https://api.github.com/users/vitaliynakonechnyy7/orgs","repos_url":"https://api.github.com/users/vitaliynakonechnyy7/repos","events_url":"https://api.github.com/users/vitaliynakonechnyy7/events{/privacy}","received_events_url":"https://api.github.com/users/vitaliynakonechnyy7/received_events","type":"User","site_admin":false,"name":null,"company":null,"blog":"","location":null,"email":null,"hireable":null,"bio":null,"twitter_username":null,"public_repos":1,"public_gists":0,"followers":0,"following":1,"created_at":"2019-02-27T17:22:06Z","updated_at":"2021-07-01T05:34:53Z","private_gists":0,"total_private_repos":3,"owned_private_repos":2,"disk_usage":73992,"collaborators":1,"two_factor_authentication":false,"plan":{"name":"free","space":976562499,"collaborators":0,"private_repos":10000}}
[info] 
[info] ✔  Success! Logged into GitHub as vitaliynakonechnyy7 
[info] 
[debug] [2021-07-02T08:35:29.167Z] >>> [apiv2][query] GET https://api.github.com/repos/https://github.com/vitaliynakonechnyy7/Rocket.git/actions/secrets/public-key type=owner
[debug] [2021-07-02T08:35:29.600Z] <<< [apiv2][status] GET https://api.github.com/repos/https://github.com/vitaliynakonechnyy7/Rocket.git/actions/secrets/public-key 404
[debug] [2021-07-02T08:35:29.600Z] <<< [apiv2][body] GET https://api.github.com/repos/https://github.com/vitaliynakonechnyy7/Rocket.git/actions/secrets/public-key {"message":"Not Found","documentation_url":"https://docs.github.com/rest"}
[debug] [2021-07-02T08:35:34.853Z] Error: write EIO
    at afterWriteDispatched (internal/stream_base_commons.js:154:25)
    at writeGeneric (internal/stream_base_commons.js:145:3)
    at WriteStream.Socket._writeGeneric (net.js:786:11)
    at WriteStream.Socket._write (net.js:798:8)
    at doWrite (_stream_writable.js:403:12)
    at writeOrBuffer (_stream_writable.js:387:5)
    at WriteStream.Writable.write (_stream_writable.js:318:11)
    at EventEmitter.signalExit.alwaysLast (/Users/vt7/.cache/firebase/tools/lib/node_modules/restore-cursor/index.js:7:18)
    at EventEmitter.emit (events.js:315:20)
    at EventEmitter.emit (domain.js:482:12)
    at emit (/Users/vt7/.cache/firebase/tools/lib/node_modules/signal-exit/index.js:78:11)
    at process.listener (/Users/vt7/.cache/firebase/tools/lib/node_modules/signal-exit/index.js:94:7)
    at process.emit (events.js:315:20)
